2023-05-16 16:36:48,661 INFO o.a.j.u.JMeterUtils: Setting Locale to ko_KR
2023-05-16 16:36:48,685 INFO o.a.j.u.JMeterUtils: Could not find resources for 'ko_KR', using 'ko'
2023-05-16 16:36:48,686 INFO o.a.j.JMeter: Loading user properties from: C:\Users\Dong-Hyun.KIM\Desktop\GoodMorning\AnalyzerTools\apache-jmeter-5.5\bin\user.properties
2023-05-16 16:36:48,688 INFO o.a.j.JMeter: Loading system properties from: C:\Users\Dong-Hyun.KIM\Desktop\GoodMorning\AnalyzerTools\apache-jmeter-5.5\bin\system.properties
2023-05-16 16:36:48,697 INFO o.a.j.JMeter: Copyright (c) 1998-2022 The Apache Software Foundation
2023-05-16 16:36:48,697 INFO o.a.j.JMeter: Version 5.5
2023-05-16 16:36:48,697 INFO o.a.j.JMeter: java.version=1.8.0_191
2023-05-16 16:36:48,697 INFO o.a.j.JMeter: java.vm.name=Java HotSpot(TM) 64-Bit Server VM
2023-05-16 16:36:48,698 INFO o.a.j.JMeter: os.name=Windows 10
2023-05-16 16:36:48,698 INFO o.a.j.JMeter: os.arch=amd64
2023-05-16 16:36:48,698 INFO o.a.j.JMeter: os.version=10.0
2023-05-16 16:36:48,698 INFO o.a.j.JMeter: file.encoding=MS949
2023-05-16 16:36:48,698 INFO o.a.j.JMeter: java.awt.headless=null
2023-05-16 16:36:48,698 INFO o.a.j.JMeter: Max memory     =7553941504
2023-05-16 16:36:48,698 INFO o.a.j.JMeter: Available Processors =8
2023-05-16 16:36:48,704 INFO o.a.j.JMeter: Default Locale=한국어 (대한민국)
2023-05-16 16:36:48,704 INFO o.a.j.JMeter: JMeter  Locale=한국어 (대한민국)
2023-05-16 16:36:48,704 INFO o.a.j.JMeter: JMeterHome=C:\Users\Dong-Hyun.KIM\Desktop\GoodMorning\AnalyzerTools\apache-jmeter-5.5
2023-05-16 16:36:48,705 INFO o.a.j.JMeter: user.dir  =C:\Users\Dong-Hyun.KIM\Desktop\GoodMorning\2.-Blog\dhkim900331.github.io
2023-05-16 16:36:48,705 INFO o.a.j.JMeter: PWD       =C:\Users\Dong-Hyun.KIM\Desktop\GoodMorning\2.-Blog\dhkim900331.github.io
2023-05-16 16:36:53,373 INFO o.a.j.JMeter: IP: 10.7.49.33 Name: donkikim-82074092H FullName: 10.7.49.33
2023-05-16 16:36:53,415 INFO o.a.j.JMeter: Loaded icon properties from org/apache/jmeter/images/icon.properties
2023-05-16 16:36:53,623 INFO o.a.j.JMeterGuiLauncher: Setting LAF to: com.github.weisj.darklaf.DarkLaf:com.github.weisj.darklaf.theme.DarculaTheme
